0 info it worked if it ends with ok
1 verbose cli [ '/fs03/share/users/pierrick.vinot/home/Node/nodejs/bin/node',
1 verbose cli   '/fs03/share/users/pierrick.vinot/home/Node/nodejs/bin/npm',
1 verbose cli   'start' ]
2 info using npm@2.11.3
3 info using node@v0.12.7
4 verbose run-script [ 'prestart', 'start', 'poststart' ]
5 info prestart tp_node@1.0.0
6 info start tp_node@1.0.0
7 verbose unsafe-perm in lifecycle true
8 info tp_node@1.0.0 Failed to exec start script
9 verbose stack Error: tp_node@1.0.0 start: `node app.js`
9 verbose stack Exit status 1
9 verbose stack     at EventEmitter.<anonymous> (/fs03/share/users/pierrick.vinot/home/Node/nodejs/lib/node_modules/npm/lib/utils/lifecycle.js:213:16)
9 verbose stack     at EventEmitter.emit (events.js:110:17)
9 verbose stack     at ChildProcess.<anonymous> (/fs03/share/users/pierrick.vinot/home/Node/nodejs/lib/node_modules/npm/lib/utils/spawn.js:24:14)
9 verbose stack     at ChildProcess.emit (events.js:110:17)
9 verbose stack     at maybeClose (child_process.js:1015:16)
9 verbose stack     at Process.ChildProcess._handle.onexit (child_process.js:1087:5)
10 verbose pkgid tp_node@1.0.0
11 verbose cwd /fs03/share/users/pierrick.vinot/home/Node/tpnode/tp_node
12 error Linux 3.13.0-48-generic
13 error argv "/fs03/share/users/pierrick.vinot/home/Node/nodejs/bin/node" "/fs03/share/users/pierrick.vinot/home/Node/nodejs/bin/npm" "start"
14 error node v0.12.7
15 error npm  v2.11.3
16 error code ELIFECYCLE
17 error tp_node@1.0.0 start: `node app.js`
17 error Exit status 1
18 error Failed at the tp_node@1.0.0 start script 'node app.js'.
18 error This is most likely a problem with the tp_node package,
18 error not with npm itself.
18 error Tell the author that this fails on your system:
18 error     node app.js
18 error You can get their info via:
18 error     npm owner ls tp_node
18 error There is likely additional logging output above.
19 verbose exit [ 1, true ]
